<?xml version="1.0" encoding="UTF-8"?>
<!-- Generated by org.testng.reporters.JUnitXMLReporter -->
<testsuite ignored="0" hostname="DESKTOP-4KKR88V" failures="1" tests="2" name="Test" time="20.336" errors="0" timestamp="2024-08-21T21:49:14 IST">
  <testcase classname="testCases.TC_01_AccountRegistration" name="accountRegistration" time="2.153"/>
  <testcase classname="testCases.TC_02_LoginTest" name="loginTest" time="11.109">
    <failure type="java.lang.AssertionError" message="expected [true] but found [false]">
      <![CDATA[java.lang.AssertionError: expected [true] but found [false]
at testCases.TC_02_LoginTest.loginTest(TC_02_LoginTest.java:33)
at java.base/java.util.ArrayList.forEach(ArrayList.java:1511)
... Removed 31 stack frames]]>
    </failure>
  </testcase> <!-- loginTest -->
</testsuite> <!-- Test -->
