<?xml version="1.0" encoding="UTF-8"?>
<testng-results ignored="0" total="2" passed="2" failed="0" skipped="0">
  <reporter-output>
  </reporter-output>
  <suite started-at="2024-08-22T11:34:30 IST" name="Suite" finished-at="2024-08-22T11:34:43 IST" duration-ms="12737">
    <groups>
      <group name="regression">
        <method signature="TC_01_AccountRegistration.accountRegistration()[pri:0, instance:testCases.TC_01_AccountRegistration@7cbc3762]" name="accountRegistration" class="testCases.TC_01_AccountRegistration"/>
        <method signature="TC_02_LoginTest.loginTest()[pri:0, instance:testCases.TC_02_LoginTest@56303b57]" name="loginTest" class="testCases.TC_02_LoginTest"/>
      </group> <!-- regression -->
      <group name="sanity">
        <method signature="TC_01_AccountRegistration.accountRegistration()[pri:0, instance:testCases.TC_01_AccountRegistration@7cbc3762]" name="accountRegistration" class="testCases.TC_01_AccountRegistration"/>
        <method signature="TC_02_LoginTest.loginTest()[pri:0, instance:testCases.TC_02_LoginTest@56303b57]" name="loginTest" class="testCases.TC_02_LoginTest"/>
      </group> <!-- sanity -->
      <group name="master">
        <method signature="TC_01_AccountRegistration.accountRegistration()[pri:0, instance:testCases.TC_01_AccountRegistration@7cbc3762]" name="accountRegistration" class="testCases.TC_01_AccountRegistration"/>
        <method signature="TC_02_LoginTest.loginTest()[pri:0, instance:testCases.TC_02_LoginTest@56303b57]" name="loginTest" class="testCases.TC_02_LoginTest"/>
      </group> <!-- master -->
    </groups>
    <test started-at="2024-08-22T11:34:30 IST" name="Test" finished-at="2024-08-22T11:34:43 IST" duration-ms="12737">
      <class name="testCases.TC_02_LoginTest">
        <test-method is-config="true" signature="setUp(java.lang.String,java.lang.String)[pri:0, instance:testCases.TC_02_LoginTest@56303b57]" started-at="2024-08-22T11:34:38 IST" name="setUp" finished-at="2024-08-22T11:34:41 IST" duration-ms="2964" status="PASS">
          <params>
            <param index="0">
              <value>
                <![CDATA[windows]]>
              </value>
            </param>
            <param index="1">
              <value>
                <![CDATA[chrome]]>
              </value>
            </param>
          </params>
          <reporter-output>
          </reporter-output>
        </test-method> <!-- setUp -->
        <test-method signature="loginTest()[pri:0, instance:testCases.TC_02_LoginTest@56303b57]" started-at="2024-08-22T11:34:41 IST" name="loginTest" finished-at="2024-08-22T11:34:42 IST" duration-ms="1504" status="PASS">
          <reporter-output>
          </reporter-output>
        </test-method> <!-- loginTest -->
        <test-method is-config="true" signature="close()[pri:0, instance:testCases.TC_02_LoginTest@56303b57]" started-at="2024-08-22T11:34:42 IST" name="close" finished-at="2024-08-22T11:34:43 IST" duration-ms="294" status="PASS">
          <reporter-output>
          </reporter-output>
        </test-method> <!-- close -->
      </class> <!-- testCases.TC_02_LoginTest -->
      <class name="testCases.TC_01_AccountRegistration">
        <test-method is-config="true" signature="setUp(java.lang.String,java.lang.String)[pri:0, instance:testCases.TC_01_AccountRegistration@7cbc3762]" started-at="2024-08-22T11:34:30 IST" name="setUp" finished-at="2024-08-22T11:34:34 IST" duration-ms="3730" status="PASS">
          <params>
            <param index="0">
              <value>
                <![CDATA[windows]]>
              </value>
            </param>
            <param index="1">
              <value>
                <![CDATA[chrome]]>
              </value>
            </param>
          </params>
          <reporter-output>
          </reporter-output>
        </test-method> <!-- setUp -->
        <test-method signature="accountRegistration()[pri:0, instance:testCases.TC_01_AccountRegistration@7cbc3762]" started-at="2024-08-22T11:34:34 IST" name="accountRegistration" finished-at="2024-08-22T11:34:38 IST" duration-ms="3520" status="PASS">
          <reporter-output>
          </reporter-output>
        </test-method> <!-- accountRegistration -->
        <test-method is-config="true" signature="close()[pri:0, instance:testCases.TC_01_AccountRegistration@7cbc3762]" started-at="2024-08-22T11:34:38 IST" name="close" finished-at="2024-08-22T11:34:38 IST" duration-ms="261" status="PASS">
          <reporter-output>
          </reporter-output>
        </test-method> <!-- close -->
      </class> <!-- testCases.TC_01_AccountRegistration -->
    </test> <!-- Test -->
  </suite> <!-- Suite -->
</testng-results>
